<?xml version="1.0" encoding="UTF-8" ?>
<testsuite tests="29" failures="26" name="TestSuite" time="189.056" errors="0" skipped="0">
  <properties>
[...]
</properties>
  <testcase classname="twc.Automation.SmokeTestCases.smokeTestCases" name="Smoke_Test_CaseVerify_WeatherFXAPI_url" time="27.901"/>
  <testcase classname="twc.Automation.SmokeTestCases.smokeTestCases" name="Smoke_Test_CaseVerify_Factualapi_url" time="0.101">
    <failure message="https://location.wfxtriggers.com url was not trigred" type="java.lang.AssertionError">java.lang.AssertionError: https://location.wfxtriggers.com url was not trigred
	at org.testng.Assert.fail(Assert.java:94)
	at twc.Automation.General.Functions.validating_Fatual(Functions.java:3020)
	at twc.Automation.SmokeTestCases.smokeTestCases.Smoke_Test_CaseVerify_Factualapi_url(smokeTestCases.java:70)
</failure>
    <system-out>================= Verifying WeatherFX API url started =========================
XML File Name is : charles202007212342.chlsx
Verifying for https://location.wfxtriggers.com url
https://location.wfxtriggers.com url was not trigred
</system-out>
  </testcase>
  <testcase classname="twc.Automation.SmokeTestCases.smokeTestCases" name="Smoke_Test_CaseVerify_turbo_url" time="0.109"/>
  <testcase classname="twc.Automation.SmokeTestCases.smokeTestCases" name="Smoke_Test_CaseVerify_adcrwdcntrlnet_url" time="0.153"/>
  <testcase classname="twc.Automation.SmokeTestCases.smokeTestCases" name="Smoke_Test_CaseVerify_Homescreen_marquee_ad_iu" time="0.15">
    <failure message="/7646/app_android_us/db_display/home_screen/marquee call was not trigred" type="java.lang.AssertionError">java.lang.AssertionError: /7646/app_android_us/db_display/home_screen/marquee call was not trigred
	at org.testng.Assert.fail(Assert.java:94)
	at twc.Automation.General.Functions.finding_Homescreen_marquee_iu_value(Functions.java:3466)
	at twc.Automation.SmokeTestCases.smokeTestCases.Smoke_Test_CaseVerify_Homescreen_marquee_ad_iu(smokeTestCases.java:95)
</failure>
    <system-out>================= verifying iu value for home screen marquee test case started =========================
XML File Name is : charles202007212342.chlsx
checking for iu=%2F7646%2Fapp_android_us%2Fdb_display%2Fhome_screen%2Fmarquee ad call
/7646/app_android_us/db_display/home_screen/marquee call was not trigred
</system-out>
  </testcase>
  <testcase classname="twc.Automation.SmokeTestCases.smokeTestCases" name="Smoke_Test_verifying_feed_1adcall" time="0.096">
    <failure message="iu=%2F7646%2Fapp_android_us%2Fdb_display%2Ffeed%2Ffeed_1 call was not trigred" type="java.lang.AssertionError">java.lang.AssertionError: iu=%2F7646%2Fapp_android_us%2Fdb_display%2Ffeed%2Ffeed_1 call was not trigred
	at org.testng.Assert.fail(Assert.java:94)
	at twc.Automation.General.Functions.verifying_feedcalls(Functions.java:5611)
	at twc.Automation.SmokeTestCases.smokeTestCases.Smoke_Test_verifying_feed_1adcall(smokeTestCases.java:105)
</failure>
    <system-out>================= Verifying feed_1 ad call tescase Started =========================
XML File Name is : charles202007212342.chlsx
checking for iu=%2F7646%2Fapp_android_us%2Fdb_display%2Ffeed%2Ffeed_1
Verifying iu value should&apos;t be nl
iu=%2F7646%2Fapp_android_us%2Fdb_display%2Ffeed%2Ffeed_1call was not trigred
</system-out>
  </testcase>
  <testcase classname="twc.Automation.SmokeTestCases.smokeTestCases" name="Smoke_Test_verifying_feed_2adcall" time="8.712">
    <failure message="A session is either terminated or not started (WARNING: The server did not provide any stacktrace information)
Command duration or timeout: 20 milliseconds
Build info: version: &apos;2.51.0&apos;, revision: &apos;1af067dbcaedd7d2ab9af5151fc471d363d97193&apos;, time: &apos;2016-02-05 11:20:57&apos;
System info: host: &apos;AswinikumarsMBP.lan&apos;, ip: &apos;192.168.1.15&apos;, os.name: &apos;Mac OS X&apos;, os.arch: &apos;x86_64&apos;, os.version: &apos;10.14.6&apos;, java.version: &apos;1.8.0_181&apos;
Driver info: io.appium.java_client.android.AndroidDriver
Capabilities [{appPackage=com.weather.Weather, statBarHeight=98, noReset=true, viewportRect={top=98, left=0, width=1440, height=2614}, deviceName=803KPXV1599674, platform=LINUX, deviceUDID=803KPXV1599674, desired={app=/Users/aswinikumar/Documents/adsandroid-automation-master/Android_Smoke/APKFile/app-google-debug-711.apk, appPackage=com.weather.Weather, appium-version=1.4.13, noReset=true, newCommandTimeout=100000, platformVersion=11.0, platformName=Android, deviceName=Samsung}, appium-version=1.4.13, newCommandTimeout=100000, platformVersion=11, webStorageEnabled=false, takesScreenshot=true, javascriptEnabled=true, platformName=Android, deviceApiLevel=30, deviceManufacturer=Google, app=/Users/aswinikumar/Documents/adsandroid-automation-master/Android_Smoke/APKFile/app-google-debug-711.apk, deviceScreenSize=1440x2880, networkConnectionEnabled=true, warnings={}, databaseEnabled=false, pixelRatio=3.5, locationContextEnabled=false, deviceScreenDensity=560, deviceModel=Pixel 2 XL}]
Session ID: 86463015-a0d9-418d-8e66-b322ef410356" type="org.openqa.selenium.remote.SessionNotFoundException">org.openqa.selenium.remote.SessionNotFoundException: A session is either terminated or not started (WARNING: The server did not provide any stacktrace information)
Command duration or timeout: 20 milliseconds
Build info: version: &apos;2.51.0&apos;, revision: &apos;1af067dbcaedd7d2ab9af5151fc471d363d97193&apos;, time: &apos;2016-02-05 11:20:57&apos;
System info: host: &apos;AswinikumarsMBP.lan&apos;, ip: &apos;192.168.1.15&apos;, os.name: &apos;Mac OS X&apos;, os.arch: &apos;x86_64&apos;, os.version: &apos;10.14.6&apos;, java.version: &apos;1.8.0_181&apos;
Driver info: io.appium.java_client.android.AndroidDriver
Capabilities [{appPackage=com.weather.Weather, statBarHeight=98, noReset=true, viewportRect={top=98, left=0, width=1440, height=2614}, deviceName=803KPXV1599674, platform=LINUX, deviceUDID=803KPXV1599674, desired={app=/Users/aswinikumar/Documents/adsandroid-automation-master/Android_Smoke/APKFile/app-google-debug-711.apk, appPackage=com.weather.Weather, appium-version=1.4.13, noReset=true, newCommandTimeout=100000, platformVersion=11.0, platformName=Android, deviceName=Samsung}, appium-version=1.4.13, newCommandTimeout=100000, platformVersion=11, webStorageEnabled=false, takesScreenshot=true, javascriptEnabled=true, platformName=Android, deviceApiLevel=30, deviceManufacturer=Google, app=/Users/aswinikumar/Documents/adsandroid-automation-master/Android_Smoke/APKFile/app-google-debug-711.apk, deviceScreenSize=1440x2880, networkConnectionEnabled=true, warnings={}, databaseEnabled=false, pixelRatio=3.5, locationContextEnabled=false, deviceScreenDensity=560, deviceModel=Pixel 2 XL}]
Session ID: 86463015-a0d9-418d-8e66-b322ef410356
	at sun.reflect.NativeConstructorAccessorImpl.newInstance0(Native Method)
	at sun.reflect.NativeConstructorAccessorImpl.newInstance(NativeConstructorAccessorImpl.java:62)
	at sun.reflect.DelegatingConstructorAccessorImpl.newInstance(DelegatingConstructorAccessorImpl.java:45)
	at java.lang.reflect.Constructor.newInstance(Constructor.java:423)
	at org.openqa.selenium.remote.ErrorHandler.createThrowable(ErrorHandler.java:206)
	at org.openqa.selenium.remote.ErrorHandler.throwIfResponseFailed(ErrorHandler.java:164)
	at org.openqa.selenium.remote.RemoteWebDriver.execute(RemoteWebDriver.java:678)
	at io.appium.java_client.DefaultGenericMobileDriver.execute(DefaultGenericMobileDriver.java:42)
	at io.appium.java_client.AppiumDriver.execute(AppiumDriver.java:1)
	at io.appium.java_client.android.AndroidDriver.execute(AndroidDriver.java:1)
	at org.openqa.selenium.remote.RemoteWebDriver$RemoteWebDriverOptions$RemoteWindow.getSize(RemoteWebDriver.java:914)
	at twc.Automation.HandleWithAppium.AppiumFunctions.Swipe_feed(AppiumFunctions.java:942)
	at twc.Automation.HandleWithAppium.AppiumFunctions.SwipeUp_Counter_feedcards(AppiumFunctions.java:810)
	at twc.Automation.SmokeTestCases.smokeTestCases.Smoke_Test_verifying_feed_2adcall(smokeTestCases.java:195)
</failure>
    <system-out>================= Verifying feed_2 ad call tescase Started =========================
Cleared Session
Deleted all the files in the specified folder
/Users/aswinikumar/Documents/adsandroid-automation-master/Android_Smoke/CapturedSessionFile
Scroll the app till© Copyright TWC Product and Technology, LLC 2011, 2020 is displaying on the screen
</system-out>
  </testcase>
  <testcase classname="twc.Automation.SmokeTestCases.smokeTestCases" name="Smoke_Test_verifying_feed_3adcall" time="0.008">
    <failure type="java.lang.NullPointerException">java.lang.NullPointerException
	at twc.Automation.ReadDataFromFile.read_xml_data_into_buffer.read_xml_file_into_buffer_string(read_xml_data_into_buffer.java:47)
	at twc.Automation.General.Functions.verifying_feedcalls(Functions.java:5560)
	at twc.Automation.SmokeTestCases.smokeTestCases.Smoke_Test_verifying_feed_3adcall(smokeTestCases.java:218)
</failure>
    <system-out>================= Verifying feed_3 ad call tescase Started =========================
No Data Found in XML File
</system-out>
  </testcase>
  <testcase classname="twc.Automation.SmokeTestCases.smokeTestCases" name="Smoke_Test_verifying_feed_4adcall" time="0.01">
    <failure type="java.lang.NullPointerException">java.lang.NullPointerException
	at twc.Automation.ReadDataFromFile.read_xml_data_into_buffer.read_xml_file_into_buffer_string(read_xml_data_into_buffer.java:47)
	at twc.Automation.General.Functions.verifying_feedcalls(Functions.java:5560)
	at twc.Automation.SmokeTestCases.smokeTestCases.Smoke_Test_verifying_feed_4adcall(smokeTestCases.java:237)
</failure>
    <system-out>================= Verifying feed_4 ad call tescase Started =========================
No Data Found in XML File
</system-out>
  </testcase>
  <testcase classname="twc.Automation.SmokeTestCases.smokeTestCases" name="Smoke_Test_verifying_feed_5adcall" time="0.008">
    <failure type="java.lang.NullPointerException">java.lang.NullPointerException
	at twc.Automation.ReadDataFromFile.read_xml_data_into_buffer.read_xml_file_into_buffer_string(read_xml_data_into_buffer.java:47)
	at twc.Automation.General.Functions.verifying_feedcalls(Functions.java:5560)
	at twc.Automation.SmokeTestCases.smokeTestCases.Smoke_Test_verifying_feed_5adcall(smokeTestCases.java:256)
</failure>
    <system-out>================= Verifying feed_5 ad call tescase Started =========================
No Data Found in XML File
</system-out>
  </testcase>
  <testcase classname="twc.Automation.SmokeTestCases.smokeTestCases" name="Smoke_Test_verifying_feed_6adcall" time="0.01">
    <failure type="java.lang.NullPointerException">java.lang.NullPointerException
	at twc.Automation.ReadDataFromFile.read_xml_data_into_buffer.read_xml_file_into_buffer_string(read_xml_data_into_buffer.java:47)
	at twc.Automation.General.Functions.verifying_feedcalls(Functions.java:5560)
	at twc.Automation.SmokeTestCases.smokeTestCases.Smoke_Test_verifying_feed_6adcall(smokeTestCases.java:275)
</failure>
    <system-out>================= Verifying feed_6 ad call tescase Started =========================
No Data Found in XML File
</system-out>
  </testcase>
  <testcase classname="twc.Automation.SmokeTestCases.smokeTestCases" name="Smoke_Test_CaseVerify_Radar_Maps_deatailscard_adcall" time="0.007">
    <failure type="java.lang.NullPointerException">java.lang.NullPointerException
	at twc.Automation.ReadDataFromFile.read_xml_data_into_buffer.read_xml_file_into_buffer_string(read_xml_data_into_buffer.java:47)
	at twc.Automation.General.Functions.finding_Radar_Map_card_iu_value(Functions.java:2376)
	at twc.Automation.SmokeTestCases.smokeTestCases.Smoke_Test_CaseVerify_Radar_Maps_deatailscard_adcall(smokeTestCases.java:296)
</failure>
    <system-out>================= verifying iu value for Radar&amp;Maps deatail card started =========================
No Data Found in XML File
</system-out>
  </testcase>
  <testcase classname="twc.Automation.SmokeTestCases.smokeTestCases" name="Smoke_Test_Case_Verify_Video_adCalll" time="0.009">
    <failure type="java.lang.NullPointerException">java.lang.NullPointerException
	at twc.Automation.ReadDataFromFile.read_xml_data_into_buffer.read_xml_file_into_buffer_string(read_xml_data_into_buffer.java:47)
	at twc.Automation.General.Functions.finding_VideoCard_iu_value(Functions.java:2353)
	at twc.Automation.SmokeTestCases.smokeTestCases.Smoke_Test_Case_Verify_Video_adCalll(smokeTestCases.java:315)
</failure>
    <system-out>================= Verifying Video ad call testcase started =========================
No Data Found in XML File
</system-out>
  </testcase>
  <testcase classname="twc.Automation.SmokeTestCases.smokeTestCases" name="Smoke_Test_CaseVerify_Today_details_page_iu" time="0.007">
    <failure type="java.lang.NullPointerException">java.lang.NullPointerException
	at twc.Automation.ReadDataFromFile.read_xml_data_into_buffer.read_xml_file_into_buffer_string(read_xml_data_into_buffer.java:47)
	at twc.Automation.General.Functions.finding_Today_detail_page_iu_value(Functions.java:2471)
	at twc.Automation.SmokeTestCases.smokeTestCases.Smoke_Test_CaseVerify_Today_details_page_iu(smokeTestCases.java:351)
</failure>
    <system-out>================= verifying iu value for Today_details_page_iu started =========================
No Data Found in XML File
</system-out>
  </testcase>
  <testcase classname="twc.Automation.SmokeTestCases.smokeTestCases" name="Smoke_Test_Verify_Air_Quality_detailpage_adcall_iu" time="0.009">
    <failure type="java.lang.NullPointerException">java.lang.NullPointerException
	at twc.Automation.ReadDataFromFile.read_xml_data_into_buffer.read_xml_file_into_buffer_string(read_xml_data_into_buffer.java:47)
	at twc.Automation.General.Functions.AirQuality_detailed_adcall_iu(Functions.java:2679)
	at twc.Automation.SmokeTestCases.smokeTestCases.Smoke_Test_Verify_Air_Quality_detailpage_adcall_iu(smokeTestCases.java:370)
</failure>
    <system-out>================= Verifying iu value for Air Quality content page testcase  started =========================
No Data Found in XML File
</system-out>
  </testcase>
  <testcase classname="twc.Automation.SmokeTestCases.smokeTestCases" name="Smoke_Test_Verify_health_and_activities_Running_contenPage_adcall_iu" time="0.011">
    <failure type="java.lang.NullPointerException">java.lang.NullPointerException
	at twc.Automation.ReadDataFromFile.read_xml_data_into_buffer.read_xml_file_into_buffer_string(read_xml_data_into_buffer.java:47)
	at twc.Automation.General.Functions.health_and_activities_Running_spotlight_adcall_iu(Functions.java:2553)
	at twc.Automation.SmokeTestCases.smokeTestCases.Smoke_Test_Verify_health_and_activities_Running_contenPage_adcall_iu(smokeTestCases.java:393)
</failure>
    <system-out>================= Verify_health_and_activities_Running_contenPage_adcall_iu Started =========================
No Data Found in XML File
</system-out>
  </testcase>
  <testcase classname="twc.Automation.SmokeTestCases.smokeTestCases" name="Smoke_Test_Verify_health_and_activities_Bot_beach_contenPage_adcall_iu" time="0.009">
    <failure type="java.lang.NullPointerException">java.lang.NullPointerException
	at twc.Automation.ReadDataFromFile.read_xml_data_into_buffer.read_xml_file_into_buffer_string(read_xml_data_into_buffer.java:47)
	at twc.Automation.General.Functions.health_and_activities_Boat_beach_detailpage_adcall_iu(Functions.java:2592)
	at twc.Automation.SmokeTestCases.smokeTestCases.Smoke_Test_Verify_health_and_activities_Bot_beach_contenPage_adcall_iu(smokeTestCases.java:413)
</failure>
    <system-out>================= Verify_health_and_activities_Bot&amp;beach_contenPage_adcall_iu Started =========================
No Data Found in XML File
</system-out>
  </testcase>
  <testcase classname="twc.Automation.SmokeTestCases.smokeTestCases" name="Smoke_Test_Verify_health_and_activities_Allergy_contenPage_adcall_iu" time="0.01">
    <failure type="java.lang.NullPointerException">java.lang.NullPointerException
	at twc.Automation.ReadDataFromFile.read_xml_data_into_buffer.read_xml_file_into_buffer_string(read_xml_data_into_buffer.java:47)
	at twc.Automation.General.Functions.health_and_activities_Allergy_detailpage_adcall_iu(Functions.java:2614)
	at twc.Automation.SmokeTestCases.smokeTestCases.Smoke_Test_Verify_health_and_activities_Allergy_contenPage_adcall_iu(smokeTestCases.java:433)
</failure>
    <system-out>================= Verify_health_and_activities_Allergy_contenPage_adcall_iu Started =========================
No Data Found in XML File
</system-out>
  </testcase>
  <testcase classname="twc.Automation.SmokeTestCases.smokeTestCases" name="Smoke_Test_Verify_health_and_activities_coldFlu_contenPaget_adcall_iu" time="0.013">
    <failure type="java.lang.NullPointerException">java.lang.NullPointerException
	at twc.Automation.ReadDataFromFile.read_xml_data_into_buffer.read_xml_file_into_buffer_string(read_xml_data_into_buffer.java:47)
	at twc.Automation.General.Functions.health_and_activities_Cold_Flu_detailpage_adcall_iu(Functions.java:2636)
	at twc.Automation.SmokeTestCases.smokeTestCases.Smoke_Test_Verify_health_and_activities_coldFlu_contenPaget_adcall_iu(smokeTestCases.java:453)
</failure>
    <system-out>================= Verify_health_and_activities_coldFlu_contenPage_adcall_iu Started =========================
No Data Found in XML File
</system-out>
  </testcase>
  <testcase classname="twc.Automation.SmokeTestCases.smokeTestCases" name="Smoke_Test_Verify_SeasonalHub_detailpage_adcall_iu" time="0.013">
    <failure type="java.lang.NullPointerException">java.lang.NullPointerException
	at twc.Automation.ReadDataFromFile.read_xml_data_into_buffer.read_xml_file_into_buffer_string(read_xml_data_into_buffer.java:47)
	at twc.Automation.General.Functions.Verify_SH_detailpage_adcall_iu(Functions.java:4670)
	at twc.Automation.SmokeTestCases.smokeTestCases.Smoke_Test_Verify_SeasonalHub_detailpage_adcall_iu(smokeTestCases.java:473)
</failure>
    <system-out>================= Verifying outdoor detailpage_adcall iu Started =========================
No Data Found in XML File
</system-out>
  </testcase>
  <testcase classname="twc.Automation.SmokeTestCases.smokeTestCases" name="Smoke_Test_Verify_hourly_detailpage_adcall_iu" time="8.695">
    <failure message="A session is either terminated or not started (WARNING: The server did not provide any stacktrace information)
Command duration or timeout: 9 milliseconds
Build info: version: &apos;2.51.0&apos;, revision: &apos;1af067dbcaedd7d2ab9af5151fc471d363d97193&apos;, time: &apos;2016-02-05 11:20:57&apos;
System info: host: &apos;AswinikumarsMBP.lan&apos;, ip: &apos;192.168.1.15&apos;, os.name: &apos;Mac OS X&apos;, os.arch: &apos;x86_64&apos;, os.version: &apos;10.14.6&apos;, java.version: &apos;1.8.0_181&apos;
Driver info: io.appium.java_client.android.AndroidDriver
Capabilities [{appPackage=com.weather.Weather, statBarHeight=98, noReset=true, viewportRect={top=98, left=0, width=1440, height=2614}, deviceName=803KPXV1599674, platform=LINUX, deviceUDID=803KPXV1599674, desired={app=/Users/aswinikumar/Documents/adsandroid-automation-master/Android_Smoke/APKFile/app-google-debug-711.apk, appPackage=com.weather.Weather, appium-version=1.4.13, noReset=true, newCommandTimeout=100000, platformVersion=11.0, platformName=Android, deviceName=Samsung}, appium-version=1.4.13, newCommandTimeout=100000, platformVersion=11, webStorageEnabled=false, takesScreenshot=true, javascriptEnabled=true, platformName=Android, deviceApiLevel=30, deviceManufacturer=Google, app=/Users/aswinikumar/Documents/adsandroid-automation-master/Android_Smoke/APKFile/app-google-debug-711.apk, deviceScreenSize=1440x2880, networkConnectionEnabled=true, warnings={}, databaseEnabled=false, pixelRatio=3.5, locationContextEnabled=false, deviceScreenDensity=560, deviceModel=Pixel 2 XL}]
Session ID: 86463015-a0d9-418d-8e66-b322ef410356
*** Element info: {Using=accessibility id, value=Hourly}" type="org.openqa.selenium.remote.SessionNotFoundException">org.openqa.selenium.remote.SessionNotFoundException: A session is either terminated or not started (WARNING: The server did not provide any stacktrace information)
Command duration or timeout: 9 milliseconds
Build info: version: &apos;2.51.0&apos;, revision: &apos;1af067dbcaedd7d2ab9af5151fc471d363d97193&apos;, time: &apos;2016-02-05 11:20:57&apos;
System info: host: &apos;AswinikumarsMBP.lan&apos;, ip: &apos;192.168.1.15&apos;, os.name: &apos;Mac OS X&apos;, os.arch: &apos;x86_64&apos;, os.version: &apos;10.14.6&apos;, java.version: &apos;1.8.0_181&apos;
Driver info: io.appium.java_client.android.AndroidDriver
Capabilities [{appPackage=com.weather.Weather, statBarHeight=98, noReset=true, viewportRect={top=98, left=0, width=1440, height=2614}, deviceName=803KPXV1599674, platform=LINUX, deviceUDID=803KPXV1599674, desired={app=/Users/aswinikumar/Documents/adsandroid-automation-master/Android_Smoke/APKFile/app-google-debug-711.apk, appPackage=com.weather.Weather, appium-version=1.4.13, noReset=true, newCommandTimeout=100000, platformVersion=11.0, platformName=Android, deviceName=Samsung}, appium-version=1.4.13, newCommandTimeout=100000, platformVersion=11, webStorageEnabled=false, takesScreenshot=true, javascriptEnabled=true, platformName=Android, deviceApiLevel=30, deviceManufacturer=Google, app=/Users/aswinikumar/Documents/adsandroid-automation-master/Android_Smoke/APKFile/app-google-debug-711.apk, deviceScreenSize=1440x2880, networkConnectionEnabled=true, warnings={}, databaseEnabled=false, pixelRatio=3.5, locationContextEnabled=false, deviceScreenDensity=560, deviceModel=Pixel 2 XL}]
Session ID: 86463015-a0d9-418d-8e66-b322ef410356
*** Element info: {Using=accessibility id, value=Hourly}
	at sun.reflect.NativeConstructorAccessorImpl.newInstance0(Native Method)
	at sun.reflect.NativeConstructorAccessorImpl.newInstance(NativeConstructorAccessorImpl.java:62)
	at sun.reflect.DelegatingConstructorAccessorImpl.newInstance(DelegatingConstructorAccessorImpl.java:45)
	at java.lang.reflect.Constructor.newInstance(Constructor.java:423)
	at org.openqa.selenium.remote.ErrorHandler.createThrowable(ErrorHandler.java:206)
	at org.openqa.selenium.remote.ErrorHandler.throwIfResponseFailed(ErrorHandler.java:164)
	at org.openqa.selenium.remote.RemoteWebDriver.execute(RemoteWebDriver.java:678)
	at io.appium.java_client.DefaultGenericMobileDriver.execute(DefaultGenericMobileDriver.java:42)
	at io.appium.java_client.AppiumDriver.execute(AppiumDriver.java:1)
	at io.appium.java_client.android.AndroidDriver.execute(AndroidDriver.java:1)
	at org.openqa.selenium.remote.RemoteWebDriver.findElement(RemoteWebDriver.java:363)
	at io.appium.java_client.DefaultGenericMobileDriver.findElementByAccessibilityId(DefaultGenericMobileDriver.java:144)
	at io.appium.java_client.AppiumDriver.findElementByAccessibilityId(AppiumDriver.java:1)
	at io.appium.java_client.android.AndroidDriver.findElementByAccessibilityId(AndroidDriver.java:1)
	at twc.Automation.HandleWithApp.AppFunctions.click_hourly_element(AppFunctions.java:2140)
	at twc.Automation.SmokeTestCases.smokeTestCases.Smoke_Test_Verify_hourly_detailpage_adcall_iu(smokeTestCases.java:497)
</failure>
    <system-out>================= Verifying hourly_detailpage_adcall_iu test case  Started =========================
Cleared Session
Deleted all the files in the specified folder
/Users/aswinikumar/Documents/adsandroid-automation-master/Android_Smoke/CapturedSessionFile
</system-out>
  </testcase>
  <testcase classname="twc.Automation.SmokeTestCases.smokeTestCases" name="Smoke_Test_Verify_hourly1_bigad_detailpage_adcall_iu" time="0.006">
    <failure type="java.lang.NullPointerException">java.lang.NullPointerException
	at twc.Automation.ReadDataFromFile.read_xml_data_into_buffer.read_xml_file_into_buffer_string(read_xml_data_into_buffer.java:47)
	at twc.Automation.General.Functions.Verify_hourly_detailpage_bigad1_adcall_iu(Functions.java:2765)
	at twc.Automation.SmokeTestCases.smokeTestCases.Smoke_Test_Verify_hourly1_bigad_detailpage_adcall_iu(smokeTestCases.java:526)
</failure>
    <system-out>================= Verifying hourly1 big ad detailpage_adcall_iu  test case Started =========================
No Data Found in XML File
</system-out>
  </testcase>
  <testcase classname="twc.Automation.SmokeTestCases.smokeTestCases" name="Smoke_Test_Verify_hourly2_bigad_detailpage_adcall_iu" time="0.011">
    <failure type="java.lang.NullPointerException">java.lang.NullPointerException
	at twc.Automation.ReadDataFromFile.read_xml_data_into_buffer.read_xml_file_into_buffer_string(read_xml_data_into_buffer.java:47)
	at twc.Automation.General.Functions.Verify_hourly_detailpage_bigad2_adcall_iu(Functions.java:2787)
	at twc.Automation.SmokeTestCases.smokeTestCases.Smoke_Test_Verify_hourly2_bigad_detailpage_adcall_iu(smokeTestCases.java:551)
</failure>
    <system-out>================= Verifying hourly2 bigad detailpage_adcall_iu test case Started =========================
No Data Found in XML File
</system-out>
  </testcase>
  <testcase classname="twc.Automation.SmokeTestCases.smokeTestCases" name="Smoke_Test_Verify_hourly3_bigad_detailpage_adcall_iu" time="0.007">
    <failure type="java.lang.NullPointerException">java.lang.NullPointerException
	at twc.Automation.ReadDataFromFile.read_xml_data_into_buffer.read_xml_file_into_buffer_string(read_xml_data_into_buffer.java:47)
	at twc.Automation.General.Functions.Verify_hourly_detailpage_bigad3_adcall_iu(Functions.java:2809)
	at twc.Automation.SmokeTestCases.smokeTestCases.Smoke_Test_Verify_hourly3_bigad_detailpage_adcall_iu(smokeTestCases.java:573)
</failure>
    <system-out>================= Verifying hourly3 bigad detailpage_adcall_iu test case  Started =========================
No Data Found in XML File
</system-out>
  </testcase>
  <testcase classname="twc.Automation.SmokeTestCases.smokeTestCases" name="Smoke_Test_Verifying_feed1_pulltoreresh_scenario" time="8.575">
    <failure message="A session is either terminated or not started (WARNING: The server did not provide any stacktrace information)
Command duration or timeout: 9 milliseconds
Build info: version: &apos;2.51.0&apos;, revision: &apos;1af067dbcaedd7d2ab9af5151fc471d363d97193&apos;, time: &apos;2016-02-05 11:20:57&apos;
System info: host: &apos;AswinikumarsMBP.lan&apos;, ip: &apos;192.168.1.15&apos;, os.name: &apos;Mac OS X&apos;, os.arch: &apos;x86_64&apos;, os.version: &apos;10.14.6&apos;, java.version: &apos;1.8.0_181&apos;
Driver info: io.appium.java_client.android.AndroidDriver
Capabilities [{appPackage=com.weather.Weather, statBarHeight=98, noReset=true, viewportRect={top=98, left=0, width=1440, height=2614}, deviceName=803KPXV1599674, platform=LINUX, deviceUDID=803KPXV1599674, desired={app=/Users/aswinikumar/Documents/adsandroid-automation-master/Android_Smoke/APKFile/app-google-debug-711.apk, appPackage=com.weather.Weather, appium-version=1.4.13, noReset=true, newCommandTimeout=100000, platformVersion=11.0, platformName=Android, deviceName=Samsung}, appium-version=1.4.13, newCommandTimeout=100000, platformVersion=11, webStorageEnabled=false, takesScreenshot=true, javascriptEnabled=true, platformName=Android, deviceApiLevel=30, deviceManufacturer=Google, app=/Users/aswinikumar/Documents/adsandroid-automation-master/Android_Smoke/APKFile/app-google-debug-711.apk, deviceScreenSize=1440x2880, networkConnectionEnabled=true, warnings={}, databaseEnabled=false, pixelRatio=3.5, locationContextEnabled=false, deviceScreenDensity=560, deviceModel=Pixel 2 XL}]
Session ID: 86463015-a0d9-418d-8e66-b322ef410356" type="org.openqa.selenium.remote.SessionNotFoundException">org.openqa.selenium.remote.SessionNotFoundException: A session is either terminated or not started (WARNING: The server did not provide any stacktrace information)
Command duration or timeout: 9 milliseconds
Build info: version: &apos;2.51.0&apos;, revision: &apos;1af067dbcaedd7d2ab9af5151fc471d363d97193&apos;, time: &apos;2016-02-05 11:20:57&apos;
System info: host: &apos;AswinikumarsMBP.lan&apos;, ip: &apos;192.168.1.15&apos;, os.name: &apos;Mac OS X&apos;, os.arch: &apos;x86_64&apos;, os.version: &apos;10.14.6&apos;, java.version: &apos;1.8.0_181&apos;
Driver info: io.appium.java_client.android.AndroidDriver
Capabilities [{appPackage=com.weather.Weather, statBarHeight=98, noReset=true, viewportRect={top=98, left=0, width=1440, height=2614}, deviceName=803KPXV1599674, platform=LINUX, deviceUDID=803KPXV1599674, desired={app=/Users/aswinikumar/Documents/adsandroid-automation-master/Android_Smoke/APKFile/app-google-debug-711.apk, appPackage=com.weather.Weather, appium-version=1.4.13, noReset=true, newCommandTimeout=100000, platformVersion=11.0, platformName=Android, deviceName=Samsung}, appium-version=1.4.13, newCommandTimeout=100000, platformVersion=11, webStorageEnabled=false, takesScreenshot=true, javascriptEnabled=true, platformName=Android, deviceApiLevel=30, deviceManufacturer=Google, app=/Users/aswinikumar/Documents/adsandroid-automation-master/Android_Smoke/APKFile/app-google-debug-711.apk, deviceScreenSize=1440x2880, networkConnectionEnabled=true, warnings={}, databaseEnabled=false, pixelRatio=3.5, locationContextEnabled=false, deviceScreenDensity=560, deviceModel=Pixel 2 XL}]
Session ID: 86463015-a0d9-418d-8e66-b322ef410356
	at sun.reflect.NativeConstructorAccessorImpl.newInstance0(Native Method)
	at sun.reflect.NativeConstructorAccessorImpl.newInstance(NativeConstructorAccessorImpl.java:62)
	at sun.reflect.DelegatingConstructorAccessorImpl.newInstance(DelegatingConstructorAccessorImpl.java:45)
	at java.lang.reflect.Constructor.newInstance(Constructor.java:423)
	at org.openqa.selenium.remote.ErrorHandler.createThrowable(ErrorHandler.java:206)
	at org.openqa.selenium.remote.ErrorHandler.throwIfResponseFailed(ErrorHandler.java:164)
	at org.openqa.selenium.remote.RemoteWebDriver.execute(RemoteWebDriver.java:678)
	at io.appium.java_client.DefaultGenericMobileDriver.execute(DefaultGenericMobileDriver.java:42)
	at io.appium.java_client.AppiumDriver.execute(AppiumDriver.java:189)
	at io.appium.java_client.AppiumDriver.closeApp(AppiumDriver.java:245)
	at twc.Automation.HandleWithApp.AppFunctions.Kill_Launch_App(AppFunctions.java:919)
	at twc.Automation.SmokeTestCases.smokeTestCases.Smoke_Test_Verifying_feed1_pulltoreresh_scenario(smokeTestCases.java:597)
</failure>
    <system-out>================= Verifying  feed_1 ad  call pull to refrersh scenario started =========================
Cleared Session
Deleted all the files in the specified folder
/Users/aswinikumar/Documents/adsandroid-automation-master/Android_Smoke/CapturedSessionFile
</system-out>
  </testcase>
  <testcase classname="twc.Automation.SmokeTestCases.smokeTestCases" name="Smoke_Test_Verifying_homescreenmarquee__pulltoreresh_scenario" time="0.01">
    <failure type="java.lang.NullPointerException">java.lang.NullPointerException
	at twc.Automation.ReadDataFromFile.read_xml_data_into_buffer.read_xml_file_into_buffer_string(read_xml_data_into_buffer.java:47)
	at twc.Automation.General.Functions.finding_Homescreen_marquee_iu_value(Functions.java:3455)
	at twc.Automation.SmokeTestCases.smokeTestCases.Smoke_Test_Verifying_homescreenmarquee__pulltoreresh_scenario(smokeTestCases.java:613)
</failure>
    <system-out>================= Verifying  home screen marquee call pull to refrersh scenario started =========================
No Data Found in XML File
</system-out>
  </testcase>
  <testcase classname="twc.Automation.SmokeTestCases.smokeTestCases" name="Smoke_Test__Verifying_Bcp_apicall_Opti_mode_scenario" time="0.008">
    <failure type="java.lang.NullPointerException">java.lang.NullPointerException
	at twc.Automation.ReadDataFromFile.read_xml_data_into_buffer.read_xml_file_into_buffer_string(read_xml_data_into_buffer.java:47)
	at twc.Automation.General.Functions.validating_bcp_privacy_Optinmode_scenarion(Functions.java:3721)
	at twc.Automation.SmokeTestCases.smokeTestCases.Smoke_Test__Verifying_Bcp_apicall_Opti_mode_scenario(smokeTestCases.java:623)
</failure>
    <system-out>=================Verifying  bcp.crwdcntrl call testcase started =========================
No Data Found in XML File
</system-out>
  </testcase>
  <testcase classname="twc.Automation.SmokeTestCases.smokeTestCases" name="Smoke_Test_Verifying_feed1Adcall_enter_newLocation_scenario" time="8.559">
    <failure message="A session is either terminated or not started (WARNING: The server did not provide any stacktrace information)
Command duration or timeout: 8 milliseconds
Build info: version: &apos;2.51.0&apos;, revision: &apos;1af067dbcaedd7d2ab9af5151fc471d363d97193&apos;, time: &apos;2016-02-05 11:20:57&apos;
System info: host: &apos;AswinikumarsMBP.lan&apos;, ip: &apos;192.168.1.15&apos;, os.name: &apos;Mac OS X&apos;, os.arch: &apos;x86_64&apos;, os.version: &apos;10.14.6&apos;, java.version: &apos;1.8.0_181&apos;
Driver info: io.appium.java_client.android.AndroidDriver
Capabilities [{appPackage=com.weather.Weather, statBarHeight=98, noReset=true, viewportRect={top=98, left=0, width=1440, height=2614}, deviceName=803KPXV1599674, platform=LINUX, deviceUDID=803KPXV1599674, desired={app=/Users/aswinikumar/Documents/adsandroid-automation-master/Android_Smoke/APKFile/app-google-debug-711.apk, appPackage=com.weather.Weather, appium-version=1.4.13, noReset=true, newCommandTimeout=100000, platformVersion=11.0, platformName=Android, deviceName=Samsung}, appium-version=1.4.13, newCommandTimeout=100000, platformVersion=11, webStorageEnabled=false, takesScreenshot=true, javascriptEnabled=true, platformName=Android, deviceApiLevel=30, deviceManufacturer=Google, app=/Users/aswinikumar/Documents/adsandroid-automation-master/Android_Smoke/APKFile/app-google-debug-711.apk, deviceScreenSize=1440x2880, networkConnectionEnabled=true, warnings={}, databaseEnabled=false, pixelRatio=3.5, locationContextEnabled=false, deviceScreenDensity=560, deviceModel=Pixel 2 XL}]
Session ID: 86463015-a0d9-418d-8e66-b322ef410356
*** Element info: {Using=accessibility id, value=Search}" type="org.openqa.selenium.remote.SessionNotFoundException">org.openqa.selenium.remote.SessionNotFoundException: A session is either terminated or not started (WARNING: The server did not provide any stacktrace information)
Command duration or timeout: 8 milliseconds
Build info: version: &apos;2.51.0&apos;, revision: &apos;1af067dbcaedd7d2ab9af5151fc471d363d97193&apos;, time: &apos;2016-02-05 11:20:57&apos;
System info: host: &apos;AswinikumarsMBP.lan&apos;, ip: &apos;192.168.1.15&apos;, os.name: &apos;Mac OS X&apos;, os.arch: &apos;x86_64&apos;, os.version: &apos;10.14.6&apos;, java.version: &apos;1.8.0_181&apos;
Driver info: io.appium.java_client.android.AndroidDriver
Capabilities [{appPackage=com.weather.Weather, statBarHeight=98, noReset=true, viewportRect={top=98, left=0, width=1440, height=2614}, deviceName=803KPXV1599674, platform=LINUX, deviceUDID=803KPXV1599674, desired={app=/Users/aswinikumar/Documents/adsandroid-automation-master/Android_Smoke/APKFile/app-google-debug-711.apk, appPackage=com.weather.Weather, appium-version=1.4.13, noReset=true, newCommandTimeout=100000, platformVersion=11.0, platformName=Android, deviceName=Samsung}, appium-version=1.4.13, newCommandTimeout=100000, platformVersion=11, webStorageEnabled=false, takesScreenshot=true, javascriptEnabled=true, platformName=Android, deviceApiLevel=30, deviceManufacturer=Google, app=/Users/aswinikumar/Documents/adsandroid-automation-master/Android_Smoke/APKFile/app-google-debug-711.apk, deviceScreenSize=1440x2880, networkConnectionEnabled=true, warnings={}, databaseEnabled=false, pixelRatio=3.5, locationContextEnabled=false, deviceScreenDensity=560, deviceModel=Pixel 2 XL}]
Session ID: 86463015-a0d9-418d-8e66-b322ef410356
*** Element info: {Using=accessibility id, value=Search}
	at sun.reflect.NativeConstructorAccessorImpl.newInstance0(Native Method)
	at sun.reflect.NativeConstructorAccessorImpl.newInstance(NativeConstructorAccessorImpl.java:62)
	at sun.reflect.DelegatingConstructorAccessorImpl.newInstance(DelegatingConstructorAccessorImpl.java:45)
	at java.lang.reflect.Constructor.newInstance(Constructor.java:423)
	at org.openqa.selenium.remote.ErrorHandler.createThrowable(ErrorHandler.java:206)
	at org.openqa.selenium.remote.ErrorHandler.throwIfResponseFailed(ErrorHandler.java:164)
	at org.openqa.selenium.remote.RemoteWebDriver.execute(RemoteWebDriver.java:678)
	at io.appium.java_client.DefaultGenericMobileDriver.execute(DefaultGenericMobileDriver.java:42)
	at io.appium.java_client.AppiumDriver.execute(AppiumDriver.java:1)
	at io.appium.java_client.android.AndroidDriver.execute(AndroidDriver.java:1)
	at org.openqa.selenium.remote.RemoteWebDriver.findElement(RemoteWebDriver.java:363)
	at io.appium.java_client.DefaultGenericMobileDriver.findElementByAccessibilityId(DefaultGenericMobileDriver.java:144)
	at io.appium.java_client.AppiumDriver.findElementByAccessibilityId(AppiumDriver.java:1)
	at io.appium.java_client.android.AndroidDriver.findElementByAccessibilityId(AndroidDriver.java:1)
	at twc.Automation.HandleWithApp.AppFunctions.enter_requiredLocation(AppFunctions.java:2506)
	at twc.Automation.SmokeTestCases.smokeTestCases.Smoke_Test_Verifying_feed1Adcall_enter_newLocation_scenario(smokeTestCases.java:662)
</failure>
    <system-out>================= Verifying  feed_1 ad  call when user enter new location scenario started =========================
Cleared Session
Deleted all the files in the specified folder
/Users/aswinikumar/Documents/adsandroid-automation-master/Android_Smoke/CapturedSessionFile
</system-out>
  </testcase>
  <testcase classname="twc.Automation.SmokeTestCases.smokeTestCases" name="Smoke_Test_Verifying_homescreenmarquee__enter_newLocation_scenario" time="0.012">
    <failure type="java.lang.NullPointerException">java.lang.NullPointerException
	at twc.Automation.ReadDataFromFile.read_xml_data_into_buffer.read_xml_file_into_buffer_string(read_xml_data_into_buffer.java:47)
	at twc.Automation.General.Functions.finding_Homescreen_marquee_iu_value(Functions.java:3455)
	at twc.Automation.SmokeTestCases.smokeTestCases.Smoke_Test_Verifying_homescreenmarquee__enter_newLocation_scenario(smokeTestCases.java:674)
</failure>
    <system-out>================= Verifying  home screen marquee call when user enter new location scenario started =========================
No Data Found in XML File
</system-out>
  </testcase>
</testsuite>