<?xml version="1.0" encoding="UTF-8"?>
<testng-results skipped="0" failed="0" ignored="0" total="2" passed="2">
  <reporter-output>
  </reporter-output>
  <suite name="Default suite" duration-ms="286717" started-at="2020-08-05T16:12:10 IST" finished-at="2020-08-05T16:16:57 IST">
    <groups>
    </groups>
    <test name="Default test" duration-ms="286717" started-at="2020-08-05T16:12:10 IST" finished-at="2020-08-05T16:16:57 IST">
      <class name="twc.Automation.SmokeTestCases.ApkDowload">
        <test-method status="PASS" signature="downloadApkfromAppTester()[pri:1, instance:twc.Automation.SmokeTestCases.ApkDowload@59bbb974]" name="downloadApkfromAppTester" duration-ms="100563" started-at="2020-08-05T16:12:10 IST" finished-at="2020-08-05T16:13:51 IST">
          <reporter-output>
          </reporter-output>
        </test-method> <!-- downloadApkfromAppTester -->
        <test-method status="PASS" signature="installApkinDevice()[pri:2, instance:twc.Automation.SmokeTestCases.ApkDowload@59bbb974]" name="installApkinDevice" duration-ms="186057" started-at="2020-08-05T16:13:51 IST" finished-at="2020-08-05T16:16:57 IST">
          <reporter-output>
          </reporter-output>
        </test-method> <!-- installApkinDevice -->
        <test-method status="PASS" signature="After_Test()[pri:0, instance:twc.Automation.SmokeTestCases.ApkDowload@59bbb974]" name="After_Test" is-config="true" duration-ms="1" started-at="2020-08-05T16:16:57 IST" finished-at="2020-08-05T16:16:57 IST">
          <reporter-output>
          </reporter-output>
        </test-method> <!-- After_Test -->
      </class> <!-- twc.Automation.SmokeTestCases.ApkDowload -->
    </test> <!-- Default test -->
  </suite> <!-- Default suite -->
</testng-results>
